0 info it worked if it ends with ok
1 verbose cli [ 'node', '/usr/local/bin/npm', 'install', 'etherpad' ]
2 info using npm@1.3.24
3 info using node@v0.10.25
4 warn package.json cookiejar@1.3.0 No repository field.
5 verbose readDependencies using package.json deps
6 verbose cache add [ 'etherpad', null ]
7 verbose cache add name=undefined spec="etherpad" args=["etherpad",null]
8 verbose parsed url { protocol: null,
8 verbose parsed url   slashes: null,
8 verbose parsed url   auth: null,
8 verbose parsed url   host: null,
8 verbose parsed url   port: null,
8 verbose parsed url   hostname: null,
8 verbose parsed url   hash: null,
8 verbose parsed url   search: null,
8 verbose parsed url   query: null,
8 verbose parsed url   pathname: 'etherpad',
8 verbose parsed url   path: 'etherpad',
8 verbose parsed url   href: 'etherpad' }
9 silly lockFile 0b0f769a-etherpad etherpad
10 verbose lock etherpad /Users/dong/.npm/0b0f769a-etherpad.lock
11 silly lockFile 0b0f769a-etherpad etherpad
12 silly lockFile 0b0f769a-etherpad etherpad
13 verbose addNamed [ 'etherpad', '' ]
14 verbose addNamed [ null, '*' ]
15 silly lockFile e64d1c02-etherpad etherpad@
16 verbose lock etherpad@ /Users/dong/.npm/e64d1c02-etherpad.lock
17 silly addNameRange { name: 'etherpad', range: '*', hasData: false }
18 verbose url raw etherpad
19 verbose url resolving [ 'https://registry.npmjs.org/', './etherpad' ]
20 verbose url resolved https://registry.npmjs.org/etherpad
21 info trying registry request attempt 1 at 10:18:03
22 http GET https://registry.npmjs.org/etherpad
23 http 404 https://registry.npmjs.org/etherpad
24 silly registry.get cb [ 404,
24 silly registry.get   { date: 'Tue, 11 Mar 2014 14:18:05 GMT',
24 silly registry.get     server: 'CouchDB/1.5.0 (Erlang OTP/R16B)',
24 silly registry.get     'content-type': 'application/json',
24 silly registry.get     'cache-control': 'max-age=0',
24 silly registry.get     'content-length': '52',
24 silly registry.get     'accept-ranges': 'bytes',
24 silly registry.get     via: '1.1 varnish',
24 silly registry.get     age: '0',
24 silly registry.get     'x-served-by': 'cache-v36-ASH',
24 silly registry.get     'x-cache': 'MISS',
24 silly registry.get     'x-cache-hits': '0',
24 silly registry.get     'x-timer': 'S1394547485.387896299,VS0,VE37',
24 silly registry.get     'keep-alive': 'timeout=10, max=50',
24 silly registry.get     connection: 'Keep-Alive' } ]
25 silly lockFile e64d1c02-etherpad etherpad@
26 silly lockFile e64d1c02-etherpad etherpad@
27 error 404 'etherpad' is not in the npm registry.
27 error 404 You should bug the author to publish it
27 error 404 It was specified as a dependency of 'application-name'
27 error 404
27 error 404 Note that you can also install from a
27 error 404 tarball, folder, or http url, or git url.
28 error System Darwin 11.4.2
29 error command "node" "/usr/local/bin/npm" "install" "etherpad"
30 error cwd /Users/dong/GoogleDrive/Projects/CAnalytics/code/canalytics
31 error node -v v0.10.25
32 error npm -v 1.3.24
33 error code E404
34 verbose exit [ 1, true ]
